<?xml version="1.0" encoding="UTF-8"?>
<!-- Generated by org.testng.reporters.JUnitReportReporter -->
<testsuite name="integration.test2" tests="1" time="0.017" ignored="0" failures="0" timestamp="17 Feb 2020 04:53:32 GMT" skipped="0" hostname="Dell-PC" errors="0">
  <testcase name="m1" time="0.017" classname="integration.test2"/>
</testsuite> <!-- integration.test2 -->
