<?xml version="1.0" encoding="UTF-8"?>
<!-- Generated by org.testng.reporters.JUnitReportReporter -->
<testsuite name="integration.test1" tests="1" time="0.002" ignored="0" failures="0" timestamp="17 Feb 2020 04:53:32 GMT" skipped="0" hostname="Dell-PC" errors="0">
  <testcase name="m2" time="0.002" classname="integration.test1"/>
</testsuite> <!-- integration.test1 -->
