<?xml version="1.0" encoding="UTF-8"?>
<!-- Generated by org.testng.reporters.JUnitReportReporter -->
<testsuite skipped="0" hostname="Dell-PC" name="integration.test2" tests="1" failures="0" timestamp="2020-03-14T11:48:12 IST" time="0.016" errors="0">
  <testcase name="m1" time="0.016" classname="integration.test2"/>
  <system-out/>
</testsuite> <!-- integration.test2 -->
